2026-04-17T15:55:03.571-05:00  INFO 74363 --- [cajica-stream] [main] c.cajica.stream.CajicaStreamApplication  : Starting CajicaStreamApplication using Java 17.0.9 with PID 74363 (/Users/arnmunoz/Documents/Documentos - CO000JF60XTW0KG/Learning/tic-cajica/cajica-stream/build/classes/java/main started by arnmunoz in /Users/arnmunoz/Documents/Documentos - CO000JF60XTW0KG/Learning/tic-cajica/cajica-stream)
2026-04-17T15:55:03.575-05:00  INFO 74363 --- [cajica-stream] [main] c.cajica.stream.CajicaStreamApplication  : No active profile set, falling back to 1 default profile: "default"
2026-04-17T15:55:04.272-05:00  INFO 74363 --- [cajica-stream] [main] .s.d.r.c.RepositoryConfigurationDelegate : Bootstrapping Spring Data JPA repositories in DEFAULT mode.
2026-04-17T15:55:04.319-05:00  INFO 74363 --- [cajica-stream] [main] .s.d.r.c.RepositoryConfigurationDelegate : Finished Spring Data repository scanning in 40 ms. Found 15 JPA repository interfaces.
2026-04-17T15:55:04.659-05:00  INFO 74363 --- [cajica-stream] [main] o.s.b.w.embedded.tomcat.TomcatWebServer  : Tomcat initialized with port 8081 (http)
2026-04-17T15:55:04.675-05:00  INFO 74363 --- [cajica-stream] [main] o.apache.catalina.core.StandardService   : Starting service [Tomcat]
2026-04-17T15:55:04.676-05:00  INFO 74363 --- [cajica-stream] [main] o.apache.catalina.core.StandardEngine    : Starting Servlet engine: [Apache Tomcat/10.1.43]
2026-04-17T15:55:04.738-05:00  INFO 74363 --- [cajica-stream] [main] o.a.c.c.C.[Tomcat].[localhost].[/]       : Initializing Spring embedded WebApplicationContext
2026-04-17T15:55:04.739-05:00  INFO 74363 --- [cajica-stream] [main] w.s.c.ServletWebServerApplicationContext : Root WebApplicationContext: initialization completed in 1132 ms
2026-04-17T15:55:05.000-05:00  INFO 74363 --- [cajica-stream] [main] com.zaxxer.hikari.HikariDataSource       : HikariPool-1 - Starting...
2026-04-17T15:55:05.296-05:00  INFO 74363 --- [cajica-stream] [main] com.zaxxer.hikari.pool.HikariPool        : HikariPool-1 - Added connection com.mysql.cj.jdbc.ConnectionImpl@b339a08
2026-04-17T15:55:05.298-05:00  INFO 74363 --- [cajica-stream] [main] com.zaxxer.hikari.HikariDataSource       : HikariPool-1 - Start completed.
2026-04-17T15:55:05.362-05:00  INFO 74363 --- [cajica-stream] [main] org.flywaydb.core.FlywayExecutor         : Database: jdbc:mysql://localhost:3306/tic_cajica (MySQL 9.6)
2026-04-17T15:55:05.466-05:00  WARN 74363 --- [cajica-stream] [main] o.f.c.internal.database.base.Database    : Flyway upgrade recommended: MySQL 9.6 is newer than this version of Flyway and support has not been tested. The latest supported version of MySQL is 8.1.
2026-04-17T15:55:05.539-05:00  INFO 74363 --- [cajica-stream] [main] o.f.core.internal.command.DbValidate     : Successfully validated 15 migrations (execution time 00:00.064s)
2026-04-17T15:55:05.555-05:00  INFO 74363 --- [cajica-stream] [main] o.f.core.internal.command.DbMigrate      : Current version of schema `tic_cajica`: 16
2026-04-17T15:55:05.557-05:00  INFO 74363 --- [cajica-stream] [main] o.f.core.internal.command.DbMigrate      : Schema `tic_cajica` is up to date. No migration necessary.
2026-04-17T15:55:05.606-05:00  INFO 74363 --- [cajica-stream] [main] o.hibernate.jpa.internal.util.LogHelper  : HHH000204: Processing PersistenceUnitInfo [name: default]
2026-04-17T15:55:05.635-05:00  INFO 74363 --- [cajica-stream] [main] org.hibernate.Version                    : HHH000412: Hibernate ORM core version 6.6.22.Final
2026-04-17T15:55:05.651-05:00  INFO 74363 --- [cajica-stream] [main] o.h.c.internal.RegionFactoryInitiator    : HHH000026: Second-level cache disabled
2026-04-17T15:55:05.821-05:00  INFO 74363 --- [cajica-stream] [main] o.s.o.j.p.SpringPersistenceUnitInfo      : No LoadTimeWeaver setup: ignoring JPA class transformer
2026-04-17T15:55:05.873-05:00  INFO 74363 --- [cajica-stream] [main] org.hibernate.orm.connections.pooling    : HHH10001005: Database info:
	Database JDBC URL [Connecting through datasource 'HikariDataSource (HikariPool-1)']
	Database driver: undefined/unknown
	Database version: 9.6
	Autocommit mode: undefined/unknown
	Isolation level: undefined/unknown
	Minimum pool size: undefined/unknown
	Maximum pool size: undefined/unknown
2026-04-17T15:55:06.520-05:00  INFO 74363 --- [cajica-stream] [main] o.h.e.t.j.p.i.JtaPlatformInitiator       : HHH000489: No JTA platform available (set 'hibernate.transaction.jta.platform' to enable JTA platform integration)
2026-04-17T15:55:06.565-05:00  INFO 74363 --- [cajica-stream] [main] j.LocalContainerEntityManagerFactoryBean : Initialized JPA EntityManagerFactory for persistence unit 'default'
2026-04-17T15:55:06.734-05:00  INFO 74363 --- [cajica-stream] [main] o.s.d.j.r.query.QueryEnhancerFactory     : Hibernate is in classpath; If applicable, HQL parser will be used.
2026-04-17T15:55:07.444-05:00  INFO 74363 --- [cajica-stream] [main] c.c.stream.services.FileStorageService   : Directorio de almacenamiento de imágenes inicializado en: /Users/arnmunoz/cajica-stream/uploads/images
2026-04-17T15:55:07.444-05:00  INFO 74363 --- [cajica-stream] [main] c.c.stream.services.FileStorageService   : Directorio de almacenamiento de videos inicializado en: /Users/arnmunoz/Documents/Learning/videos
2026-04-17T15:55:07.619-05:00  INFO 74363 --- [cajica-stream] [main] c.cajica.stream.services.EmailService    : EmailService inicializado con baseUrl: http://localhost:8081
2026-04-17T15:55:07.767-05:00  WARN 74363 --- [cajica-stream] [main] JpaBaseConfiguration$JpaWebConfiguration : spring.jpa.open-in-view is enabled by default. Therefore, database queries may be performed during view rendering. Explicitly configure spring.jpa.open-in-view to disable this warning
2026-04-17T15:55:08.020-05:00  INFO 74363 --- [cajica-stream] [main] o.s.b.a.e.web.EndpointLinksResolver      : Exposing 4 endpoints beneath base path '/actuator'
2026-04-17T15:55:08.055-05:00  WARN 74363 --- [cajica-stream] [main] r$InitializeUserDetailsManagerConfigurer : Global AuthenticationManager configured with an AuthenticationProvider bean. UserDetailsService beans will not be used by Spring Security for automatically configuring username/password login. Consider removing the AuthenticationProvider bean. Alternatively, consider using the UserDetailsService in a manually instantiated DaoAuthenticationProvider. If the current configuration is intentional, to turn off this warning, increase the logging level of 'org.springframework.security.config.annotation.authentication.configuration.InitializeUserDetailsBeanManagerConfigurer' to ERROR
2026-04-17T15:55:08.368-05:00  INFO 74363 --- [cajica-stream] [main] o.s.b.w.embedded.tomcat.TomcatWebServer  : Tomcat started on port 8081 (http) with context path '/'
2026-04-17T15:55:08.377-05:00  INFO 74363 --- [cajica-stream] [main] c.cajica.stream.CajicaStreamApplication  : Started CajicaStreamApplication in 5.186 seconds (process running for 6.177)
2026-04-17T15:55:08.381-05:00  INFO 74363 --- [cajica-stream] [main] c.cajica.stream.config.DataInitializer   : Inicializando datos de la aplicación...
2026-04-17T15:55:08.382-05:00  INFO 74363 --- [cajica-stream] [main] c.cajica.stream.config.DataInitializer   : Verificando roles predeterminados...
2026-04-17T15:55:08.385-05:00  INFO 74363 --- [cajica-stream] [main] c.cajica.stream.config.DataInitializer   : Inicialización de roles completada
2026-04-17T15:55:50.265-05:00  INFO 74363 --- [cajica-stream] [http-nio-8081-exec-1] o.a.c.c.C.[Tomcat].[localhost].[/]       : Initializing Spring DispatcherServlet 'dispatcherServlet'
2026-04-17T15:55:50.268-05:00  INFO 74363 --- [cajica-stream] [http-nio-8081-exec-1] o.s.web.servlet.DispatcherServlet        : Initializing Servlet 'dispatcherServlet'
2026-04-17T15:55:50.273-05:00  INFO 74363 --- [cajica-stream] [http-nio-8081-exec-1] o.s.web.servlet.DispatcherServlet        : Completed initialization in 5 ms
2026-04-17T15:55:53.591-05:00  INFO 74363 --- [cajica-stream] [http-nio-8081-exec-8] c.c.s.services.UsuarioDetailsService     : Usuario cargado para autenticación. username=arnold, rolesCount=1
2026-04-17T15:55:58.437-05:00  INFO 74363 --- [cajica-stream] [http-nio-8081-exec-1] c.c.s.services.UsuarioDetailsService     : Usuario cargado para autenticación. username=arnold, rolesCount=1
2026-04-17T15:56:40.528-05:00  INFO 74363 --- [cajica-stream] [http-nio-8081-exec-3] c.c.s.controllers.InscripcionController  : Accediendo a Mis Cursos para el usuario: arnold
2026-04-17T15:56:40.533-05:00  INFO 74363 --- [cajica-stream] [http-nio-8081-exec-3] c.c.s.controllers.InscripcionController  : Usuario encontrado con ID: 18
2026-04-17T15:56:40.533-05:00  INFO 74363 --- [cajica-stream] [http-nio-8081-exec-3] c.cajica.stream.services.UsuarioService  : Verificando si el usuario ID 18 tiene inscripciones
2026-04-17T15:56:40.545-05:00  INFO 74363 --- [cajica-stream] [http-nio-8081-exec-3] c.cajica.stream.services.UsuarioService  : Usuario ID 18: 3 inscripciones encontradas
2026-04-17T15:56:40.545-05:00  INFO 74363 --- [cajica-stream] [http-nio-8081-exec-3] c.c.s.controllers.InscripcionController  : ¿El usuario tiene inscripciones? true
2026-04-17T15:56:40.546-05:00  INFO 74363 --- [cajica-stream] [http-nio-8081-exec-3] c.cajica.stream.services.UsuarioService  : Obteniendo cursos inscritos para el usuario ID: 18
2026-04-17T15:56:40.546-05:00  INFO 74363 --- [cajica-stream] [http-nio-8081-exec-3] c.cajica.stream.services.UsuarioService  : Ejecutando consulta SQL: SELECT c.* FROM curso c JOIN inscripciones i ON c.id = i.curso_id WHERE i.usuario_id = ? AND c.activo = true
2026-04-17T15:56:40.546-05:00  INFO 74363 --- [cajica-stream] [http-nio-8081-exec-3] c.cajica.stream.services.UsuarioService  : Parámetro usuarioId: 18
2026-04-17T15:56:40.549-05:00  INFO 74363 --- [cajica-stream] [http-nio-8081-exec-3] c.cajica.stream.services.UsuarioService  : Curso encontrado - ID: 15, Nombre: Curso de Cocina
2026-04-17T15:56:40.549-05:00  INFO 74363 --- [cajica-stream] [http-nio-8081-exec-3] c.cajica.stream.services.UsuarioService  : Curso encontrado - ID: 20, Nombre: curso prueba
2026-04-17T15:56:40.549-05:00  INFO 74363 --- [cajica-stream] [http-nio-8081-exec-3] c.cajica.stream.services.UsuarioService  : Se encontraron 2 cursos inscritos para el usuario ID: 18
2026-04-17T15:56:40.549-05:00  INFO 74363 --- [cajica-stream] [http-nio-8081-exec-3] c.cajica.stream.services.UsuarioService  : Curso: ID=15, Nombre=Curso de Cocina
2026-04-17T15:56:40.549-05:00  INFO 74363 --- [cajica-stream] [http-nio-8081-exec-3] c.cajica.stream.services.UsuarioService  : Curso: ID=20, Nombre=curso prueba
2026-04-17T15:56:40.550-05:00  INFO 74363 --- [cajica-stream] [http-nio-8081-exec-3] c.c.s.controllers.InscripcionController  : Cursos inscritos recuperados: 2
2026-04-17T15:56:40.550-05:00  INFO 74363 --- [cajica-stream] [http-nio-8081-exec-3] c.c.s.controllers.InscripcionController  : Curso inscrito: ID=15, Nombre=Curso de Cocina
2026-04-17T15:56:40.550-05:00  INFO 74363 --- [cajica-stream] [http-nio-8081-exec-3] c.c.s.controllers.InscripcionController  : Curso inscrito: ID=20, Nombre=curso prueba
2026-04-17T15:56:40.568-05:00  INFO 74363 --- [cajica-stream] [http-nio-8081-exec-4] c.c.s.controllers.CursoRestController    : Obteniendo cursos inscritos para el usuario: arnold
2026-04-17T15:56:40.577-05:00  INFO 74363 --- [cajica-stream] [http-nio-8081-exec-4] c.c.s.controllers.CursoRestController    : Usuario encontrado con ID: 18
2026-04-17T15:56:40.577-05:00  INFO 74363 --- [cajica-stream] [http-nio-8081-exec-4] c.cajica.stream.services.UsuarioService  : Obteniendo datos crudos de cursos inscritos para el usuario ID: 18
2026-04-17T15:56:40.577-05:00  INFO 74363 --- [cajica-stream] [http-nio-8081-exec-4] c.cajica.stream.services.UsuarioService  : Ejecutando consulta SQL: SELECT c.id, c.nombre, c.descripcion, c.categoria, c.imagen_path FROM curso c JOIN inscripciones i ON c.id = i.curso_id WHERE i.usuario_id = ? AND c.activo = true
2026-04-17T15:56:40.585-05:00  INFO 74363 --- [cajica-stream] [http-nio-8081-exec-4] c.cajica.stream.services.UsuarioService  : Se encontraron 2 cursos inscritos para el usuario ID: 18
2026-04-17T15:56:40.585-05:00  INFO 74363 --- [cajica-stream] [http-nio-8081-exec-4] c.c.s.controllers.CursoRestController    : Cursos inscritos recuperados: 2
2026-04-17T15:56:40.585-05:00  INFO 74363 --- [cajica-stream] [http-nio-8081-exec-4] c.c.s.controllers.CursoRestController    : Curso encontrado - ID: 15, Nombre: Curso de Cocina
2026-04-17T15:56:40.585-05:00  INFO 74363 --- [cajica-stream] [http-nio-8081-exec-4] c.c.s.controllers.CursoRestController    : Curso encontrado - ID: 20, Nombre: curso prueba
2026-04-17T15:56:42.231-05:00  INFO 74363 --- [cajica-stream] [http-nio-8081-exec-8] c.c.s.controllers.InscripcionController  : Accediendo a Mis Cursos para el usuario: arnold
2026-04-17T15:56:42.233-05:00  INFO 74363 --- [cajica-stream] [http-nio-8081-exec-8] c.c.s.controllers.InscripcionController  : Usuario encontrado con ID: 18
2026-04-17T15:56:42.233-05:00  INFO 74363 --- [cajica-stream] [http-nio-8081-exec-8] c.cajica.stream.services.UsuarioService  : Verificando si el usuario ID 18 tiene inscripciones
2026-04-17T15:56:42.234-05:00  INFO 74363 --- [cajica-stream] [http-nio-8081-exec-8] c.cajica.stream.services.UsuarioService  : Usuario ID 18: 3 inscripciones encontradas
2026-04-17T15:56:42.234-05:00  INFO 74363 --- [cajica-stream] [http-nio-8081-exec-8] c.c.s.controllers.InscripcionController  : ¿El usuario tiene inscripciones? true
2026-04-17T15:56:42.234-05:00  INFO 74363 --- [cajica-stream] [http-nio-8081-exec-8] c.cajica.stream.services.UsuarioService  : Obteniendo cursos inscritos para el usuario ID: 18
2026-04-17T15:56:42.234-05:00  INFO 74363 --- [cajica-stream] [http-nio-8081-exec-8] c.cajica.stream.services.UsuarioService  : Ejecutando consulta SQL: SELECT c.* FROM curso c JOIN inscripciones i ON c.id = i.curso_id WHERE i.usuario_id = ? AND c.activo = true
2026-04-17T15:56:42.234-05:00  INFO 74363 --- [cajica-stream] [http-nio-8081-exec-8] c.cajica.stream.services.UsuarioService  : Parámetro usuarioId: 18
2026-04-17T15:56:42.235-05:00  INFO 74363 --- [cajica-stream] [http-nio-8081-exec-8] c.cajica.stream.services.UsuarioService  : Curso encontrado - ID: 15, Nombre: Curso de Cocina
2026-04-17T15:56:42.235-05:00  INFO 74363 --- [cajica-stream] [http-nio-8081-exec-8] c.cajica.stream.services.UsuarioService  : Curso encontrado - ID: 20, Nombre: curso prueba
2026-04-17T15:56:42.235-05:00  INFO 74363 --- [cajica-stream] [http-nio-8081-exec-8] c.cajica.stream.services.UsuarioService  : Se encontraron 2 cursos inscritos para el usuario ID: 18
2026-04-17T15:56:42.235-05:00  INFO 74363 --- [cajica-stream] [http-nio-8081-exec-8] c.cajica.stream.services.UsuarioService  : Curso: ID=15, Nombre=Curso de Cocina
2026-04-17T15:56:42.235-05:00  INFO 74363 --- [cajica-stream] [http-nio-8081-exec-8] c.cajica.stream.services.UsuarioService  : Curso: ID=20, Nombre=curso prueba
2026-04-17T15:56:42.236-05:00  INFO 74363 --- [cajica-stream] [http-nio-8081-exec-8] c.c.s.controllers.InscripcionController  : Cursos inscritos recuperados: 2
2026-04-17T15:56:42.236-05:00  INFO 74363 --- [cajica-stream] [http-nio-8081-exec-8] c.c.s.controllers.InscripcionController  : Curso inscrito: ID=15, Nombre=Curso de Cocina
2026-04-17T15:56:42.236-05:00  INFO 74363 --- [cajica-stream] [http-nio-8081-exec-8] c.c.s.controllers.InscripcionController  : Curso inscrito: ID=20, Nombre=curso prueba
2026-04-17T15:56:42.266-05:00  INFO 74363 --- [cajica-stream] [http-nio-8081-exec-6] c.c.s.controllers.CursoRestController    : Obteniendo cursos inscritos para el usuario: arnold
2026-04-17T15:56:42.270-05:00  INFO 74363 --- [cajica-stream] [http-nio-8081-exec-6] c.c.s.controllers.CursoRestController    : Usuario encontrado con ID: 18
2026-04-17T15:56:42.271-05:00  INFO 74363 --- [cajica-stream] [http-nio-8081-exec-6] c.cajica.stream.services.UsuarioService  : Obteniendo datos crudos de cursos inscritos para el usuario ID: 18
2026-04-17T15:56:42.271-05:00  INFO 74363 --- [cajica-stream] [http-nio-8081-exec-6] c.cajica.stream.services.UsuarioService  : Ejecutando consulta SQL: SELECT c.id, c.nombre, c.descripcion, c.categoria, c.imagen_path FROM curso c JOIN inscripciones i ON c.id = i.curso_id WHERE i.usuario_id = ? AND c.activo = true
2026-04-17T15:56:42.272-05:00  INFO 74363 --- [cajica-stream] [http-nio-8081-exec-6] c.cajica.stream.services.UsuarioService  : Se encontraron 2 cursos inscritos para el usuario ID: 18
2026-04-17T15:56:42.272-05:00  INFO 74363 --- [cajica-stream] [http-nio-8081-exec-6] c.c.s.controllers.CursoRestController    : Cursos inscritos recuperados: 2
2026-04-17T15:56:42.272-05:00  INFO 74363 --- [cajica-stream] [http-nio-8081-exec-6] c.c.s.controllers.CursoRestController    : Curso encontrado - ID: 15, Nombre: Curso de Cocina
2026-04-17T15:56:42.273-05:00  INFO 74363 --- [cajica-stream] [http-nio-8081-exec-6] c.c.s.controllers.CursoRestController    : Curso encontrado - ID: 20, Nombre: curso prueba
2026-04-17T15:56:43.872-05:00  INFO 74363 --- [cajica-stream] [http-nio-8081-exec-7] c.c.s.controllers.InscripcionController  : Accediendo a Mis Cursos para el usuario: arnold
2026-04-17T15:56:43.876-05:00  INFO 74363 --- [cajica-stream] [http-nio-8081-exec-7] c.c.s.controllers.InscripcionController  : Usuario encontrado con ID: 18
2026-04-17T15:56:43.876-05:00  INFO 74363 --- [cajica-stream] [http-nio-8081-exec-7] c.cajica.stream.services.UsuarioService  : Verificando si el usuario ID 18 tiene inscripciones
2026-04-17T15:56:43.877-05:00  INFO 74363 --- [cajica-stream] [http-nio-8081-exec-7] c.cajica.stream.services.UsuarioService  : Usuario ID 18: 3 inscripciones encontradas
2026-04-17T15:56:43.877-05:00  INFO 74363 --- [cajica-stream] [http-nio-8081-exec-7] c.c.s.controllers.InscripcionController  : ¿El usuario tiene inscripciones? true
2026-04-17T15:56:43.878-05:00  INFO 74363 --- [cajica-stream] [http-nio-8081-exec-7] c.cajica.stream.services.UsuarioService  : Obteniendo cursos inscritos para el usuario ID: 18
2026-04-17T15:56:43.878-05:00  INFO 74363 --- [cajica-stream] [http-nio-8081-exec-7] c.cajica.stream.services.UsuarioService  : Ejecutando consulta SQL: SELECT c.* FROM curso c JOIN inscripciones i ON c.id = i.curso_id WHERE i.usuario_id = ? AND c.activo = true
2026-04-17T15:56:43.878-05:00  INFO 74363 --- [cajica-stream] [http-nio-8081-exec-7] c.cajica.stream.services.UsuarioService  : Parámetro usuarioId: 18
2026-04-17T15:56:43.879-05:00  INFO 74363 --- [cajica-stream] [http-nio-8081-exec-7] c.cajica.stream.services.UsuarioService  : Curso encontrado - ID: 15, Nombre: Curso de Cocina
2026-04-17T15:56:43.879-05:00  INFO 74363 --- [cajica-stream] [http-nio-8081-exec-7] c.cajica.stream.services.UsuarioService  : Curso encontrado - ID: 20, Nombre: curso prueba
2026-04-17T15:56:43.880-05:00  INFO 74363 --- [cajica-stream] [http-nio-8081-exec-7] c.cajica.stream.services.UsuarioService  : Se encontraron 2 cursos inscritos para el usuario ID: 18
2026-04-17T15:56:43.880-05:00  INFO 74363 --- [cajica-stream] [http-nio-8081-exec-7] c.cajica.stream.services.UsuarioService  : Curso: ID=15, Nombre=Curso de Cocina
2026-04-17T15:56:43.880-05:00  INFO 74363 --- [cajica-stream] [http-nio-8081-exec-7] c.cajica.stream.services.UsuarioService  : Curso: ID=20, Nombre=curso prueba
2026-04-17T15:56:43.880-05:00  INFO 74363 --- [cajica-stream] [http-nio-8081-exec-7] c.c.s.controllers.InscripcionController  : Cursos inscritos recuperados: 2
2026-04-17T15:56:43.880-05:00  INFO 74363 --- [cajica-stream] [http-nio-8081-exec-7] c.c.s.controllers.InscripcionController  : Curso inscrito: ID=15, Nombre=Curso de Cocina
2026-04-17T15:56:43.880-05:00  INFO 74363 --- [cajica-stream] [http-nio-8081-exec-7] c.c.s.controllers.InscripcionController  : Curso inscrito: ID=20, Nombre=curso prueba
2026-04-17T15:56:43.896-05:00  INFO 74363 --- [cajica-stream] [http-nio-8081-exec-3] c.c.s.controllers.CursoRestController    : Obteniendo cursos inscritos para el usuario: arnold
2026-04-17T15:56:43.900-05:00  INFO 74363 --- [cajica-stream] [http-nio-8081-exec-3] c.c.s.controllers.CursoRestController    : Usuario encontrado con ID: 18
2026-04-17T15:56:43.900-05:00  INFO 74363 --- [cajica-stream] [http-nio-8081-exec-3] c.cajica.stream.services.UsuarioService  : Obteniendo datos crudos de cursos inscritos para el usuario ID: 18
2026-04-17T15:56:43.900-05:00  INFO 74363 --- [cajica-stream] [http-nio-8081-exec-3] c.cajica.stream.services.UsuarioService  : Ejecutando consulta SQL: SELECT c.id, c.nombre, c.descripcion, c.categoria, c.imagen_path FROM curso c JOIN inscripciones i ON c.id = i.curso_id WHERE i.usuario_id = ? AND c.activo = true
2026-04-17T15:56:43.902-05:00  INFO 74363 --- [cajica-stream] [http-nio-8081-exec-3] c.cajica.stream.services.UsuarioService  : Se encontraron 2 cursos inscritos para el usuario ID: 18
2026-04-17T15:56:43.902-05:00  INFO 74363 --- [cajica-stream] [http-nio-8081-exec-3] c.c.s.controllers.CursoRestController    : Cursos inscritos recuperados: 2
2026-04-17T15:56:43.902-05:00  INFO 74363 --- [cajica-stream] [http-nio-8081-exec-3] c.c.s.controllers.CursoRestController    : Curso encontrado - ID: 15, Nombre: Curso de Cocina
2026-04-17T15:56:43.902-05:00  INFO 74363 --- [cajica-stream] [http-nio-8081-exec-3] c.c.s.controllers.CursoRestController    : Curso encontrado - ID: 20, Nombre: curso prueba
2026-04-17T15:57:36.415-05:00  INFO 74363 --- [cajica-stream] [http-nio-8081-exec-8] c.c.s.controllers.InscripcionController  : Accediendo a Mis Cursos para el usuario: arnold
2026-04-17T15:57:36.433-05:00  INFO 74363 --- [cajica-stream] [http-nio-8081-exec-8] c.c.s.controllers.InscripcionController  : Usuario encontrado con ID: 18
2026-04-17T15:57:36.433-05:00  INFO 74363 --- [cajica-stream] [http-nio-8081-exec-8] c.cajica.stream.services.UsuarioService  : Verificando si el usuario ID 18 tiene inscripciones
2026-04-17T15:57:36.435-05:00  INFO 74363 --- [cajica-stream] [http-nio-8081-exec-8] c.cajica.stream.services.UsuarioService  : Usuario ID 18: 3 inscripciones encontradas
2026-04-17T15:57:36.435-05:00  INFO 74363 --- [cajica-stream] [http-nio-8081-exec-8] c.c.s.controllers.InscripcionController  : ¿El usuario tiene inscripciones? true
2026-04-17T15:57:36.436-05:00  INFO 74363 --- [cajica-stream] [http-nio-8081-exec-8] c.cajica.stream.services.UsuarioService  : Obteniendo cursos inscritos para el usuario ID: 18
2026-04-17T15:57:36.436-05:00  INFO 74363 --- [cajica-stream] [http-nio-8081-exec-8] c.cajica.stream.services.UsuarioService  : Ejecutando consulta SQL: SELECT c.* FROM curso c JOIN inscripciones i ON c.id = i.curso_id WHERE i.usuario_id = ? AND c.activo = true
2026-04-17T15:57:36.436-05:00  INFO 74363 --- [cajica-stream] [http-nio-8081-exec-8] c.cajica.stream.services.UsuarioService  : Parámetro usuarioId: 18
2026-04-17T15:57:36.437-05:00  INFO 74363 --- [cajica-stream] [http-nio-8081-exec-8] c.cajica.stream.services.UsuarioService  : Curso encontrado - ID: 15, Nombre: Curso de Cocina
2026-04-17T15:57:36.437-05:00  INFO 74363 --- [cajica-stream] [http-nio-8081-exec-8] c.cajica.stream.services.UsuarioService  : Curso encontrado - ID: 20, Nombre: curso prueba
2026-04-17T15:57:36.437-05:00  INFO 74363 --- [cajica-stream] [http-nio-8081-exec-8] c.cajica.stream.services.UsuarioService  : Se encontraron 2 cursos inscritos para el usuario ID: 18
2026-04-17T15:57:36.437-05:00  INFO 74363 --- [cajica-stream] [http-nio-8081-exec-8] c.cajica.stream.services.UsuarioService  : Curso: ID=15, Nombre=Curso de Cocina
2026-04-17T15:57:36.437-05:00  INFO 74363 --- [cajica-stream] [http-nio-8081-exec-8] c.cajica.stream.services.UsuarioService  : Curso: ID=20, Nombre=curso prueba
2026-04-17T15:57:36.438-05:00  INFO 74363 --- [cajica-stream] [http-nio-8081-exec-8] c.c.s.controllers.InscripcionController  : Cursos inscritos recuperados: 2
2026-04-17T15:57:36.439-05:00  INFO 74363 --- [cajica-stream] [http-nio-8081-exec-8] c.c.s.controllers.InscripcionController  : Curso inscrito: ID=15, Nombre=Curso de Cocina
2026-04-17T15:57:36.439-05:00  INFO 74363 --- [cajica-stream] [http-nio-8081-exec-8] c.c.s.controllers.InscripcionController  : Curso inscrito: ID=20, Nombre=curso prueba
2026-04-17T15:57:36.463-05:00  INFO 74363 --- [cajica-stream] [http-nio-8081-exec-10] c.c.s.controllers.CursoRestController    : Obteniendo cursos inscritos para el usuario: arnold
2026-04-17T15:57:36.467-05:00  INFO 74363 --- [cajica-stream] [http-nio-8081-exec-10] c.c.s.controllers.CursoRestController    : Usuario encontrado con ID: 18
2026-04-17T15:57:36.467-05:00  INFO 74363 --- [cajica-stream] [http-nio-8081-exec-10] c.cajica.stream.services.UsuarioService  : Obteniendo datos crudos de cursos inscritos para el usuario ID: 18
2026-04-17T15:57:36.467-05:00  INFO 74363 --- [cajica-stream] [http-nio-8081-exec-10] c.cajica.stream.services.UsuarioService  : Ejecutando consulta SQL: SELECT c.id, c.nombre, c.descripcion, c.categoria, c.imagen_path FROM curso c JOIN inscripciones i ON c.id = i.curso_id WHERE i.usuario_id = ? AND c.activo = true
2026-04-17T15:57:36.470-05:00  INFO 74363 --- [cajica-stream] [http-nio-8081-exec-10] c.cajica.stream.services.UsuarioService  : Se encontraron 2 cursos inscritos para el usuario ID: 18
2026-04-17T15:57:36.473-05:00  INFO 74363 --- [cajica-stream] [http-nio-8081-exec-10] c.c.s.controllers.CursoRestController    : Cursos inscritos recuperados: 2
2026-04-17T15:57:36.474-05:00  INFO 74363 --- [cajica-stream] [http-nio-8081-exec-10] c.c.s.controllers.CursoRestController    : Curso encontrado - ID: 15, Nombre: Curso de Cocina
2026-04-17T15:57:36.474-05:00  INFO 74363 --- [cajica-stream] [http-nio-8081-exec-10] c.c.s.controllers.CursoRestController    : Curso encontrado - ID: 20, Nombre: curso prueba
2026-04-17T15:59:43.365-05:00  INFO 74363 --- [cajica-stream] [http-nio-8081-exec-4] c.c.s.controllers.InscripcionController  : Accediendo a Mis Cursos para el usuario: arnold
2026-04-17T15:59:43.382-05:00  INFO 74363 --- [cajica-stream] [http-nio-8081-exec-4] c.c.s.controllers.InscripcionController  : Usuario encontrado con ID: 18
2026-04-17T15:59:43.382-05:00  INFO 74363 --- [cajica-stream] [http-nio-8081-exec-4] c.cajica.stream.services.UsuarioService  : Verificando si el usuario ID 18 tiene inscripciones
2026-04-17T15:59:43.390-05:00  INFO 74363 --- [cajica-stream] [http-nio-8081-exec-4] c.cajica.stream.services.UsuarioService  : Usuario ID 18: 3 inscripciones encontradas
2026-04-17T15:59:43.390-05:00  INFO 74363 --- [cajica-stream] [http-nio-8081-exec-4] c.c.s.controllers.InscripcionController  : ¿El usuario tiene inscripciones? true
2026-04-17T15:59:43.391-05:00  INFO 74363 --- [cajica-stream] [http-nio-8081-exec-4] c.cajica.stream.services.UsuarioService  : Obteniendo cursos inscritos para el usuario ID: 18
2026-04-17T15:59:43.391-05:00  INFO 74363 --- [cajica-stream] [http-nio-8081-exec-4] c.cajica.stream.services.UsuarioService  : Ejecutando consulta SQL: SELECT c.* FROM curso c JOIN inscripciones i ON c.id = i.curso_id WHERE i.usuario_id = ? AND c.activo = true
2026-04-17T15:59:43.392-05:00  INFO 74363 --- [cajica-stream] [http-nio-8081-exec-4] c.cajica.stream.services.UsuarioService  : Parámetro usuarioId: 18
2026-04-17T15:59:43.392-05:00  INFO 74363 --- [cajica-stream] [http-nio-8081-exec-4] c.cajica.stream.services.UsuarioService  : Curso encontrado - ID: 15, Nombre: Curso de Cocina
2026-04-17T15:59:43.393-05:00  INFO 74363 --- [cajica-stream] [http-nio-8081-exec-4] c.cajica.stream.services.UsuarioService  : Curso encontrado - ID: 20, Nombre: curso prueba
2026-04-17T15:59:43.393-05:00  INFO 74363 --- [cajica-stream] [http-nio-8081-exec-4] c.cajica.stream.services.UsuarioService  : Se encontraron 2 cursos inscritos para el usuario ID: 18
2026-04-17T15:59:43.393-05:00  INFO 74363 --- [cajica-stream] [http-nio-8081-exec-4] c.cajica.stream.services.UsuarioService  : Curso: ID=15, Nombre=Curso de Cocina
2026-04-17T15:59:43.393-05:00  INFO 74363 --- [cajica-stream] [http-nio-8081-exec-4] c.cajica.stream.services.UsuarioService  : Curso: ID=20, Nombre=curso prueba
2026-04-17T15:59:43.393-05:00  INFO 74363 --- [cajica-stream] [http-nio-8081-exec-4] c.c.s.controllers.InscripcionController  : Cursos inscritos recuperados: 2
2026-04-17T15:59:43.393-05:00  INFO 74363 --- [cajica-stream] [http-nio-8081-exec-4] c.c.s.controllers.InscripcionController  : Curso inscrito: ID=15, Nombre=Curso de Cocina
2026-04-17T15:59:43.393-05:00  INFO 74363 --- [cajica-stream] [http-nio-8081-exec-4] c.c.s.controllers.InscripcionController  : Curso inscrito: ID=20, Nombre=curso prueba
2026-04-17T15:59:43.428-05:00  INFO 74363 --- [cajica-stream] [http-nio-8081-exec-8] c.c.s.controllers.CursoRestController    : Obteniendo cursos inscritos para el usuario: arnold
2026-04-17T15:59:43.432-05:00  INFO 74363 --- [cajica-stream] [http-nio-8081-exec-8] c.c.s.controllers.CursoRestController    : Usuario encontrado con ID: 18
2026-04-17T15:59:43.433-05:00  INFO 74363 --- [cajica-stream] [http-nio-8081-exec-8] c.cajica.stream.services.UsuarioService  : Obteniendo datos crudos de cursos inscritos para el usuario ID: 18
2026-04-17T15:59:43.434-05:00  INFO 74363 --- [cajica-stream] [http-nio-8081-exec-8] c.cajica.stream.services.UsuarioService  : Ejecutando consulta SQL: SELECT c.id, c.nombre, c.descripcion, c.categoria, c.imagen_path FROM curso c JOIN inscripciones i ON c.id = i.curso_id WHERE i.usuario_id = ? AND c.activo = true
2026-04-17T15:59:43.437-05:00  INFO 74363 --- [cajica-stream] [http-nio-8081-exec-8] c.cajica.stream.services.UsuarioService  : Se encontraron 2 cursos inscritos para el usuario ID: 18
2026-04-17T15:59:43.437-05:00  INFO 74363 --- [cajica-stream] [http-nio-8081-exec-8] c.c.s.controllers.CursoRestController    : Cursos inscritos recuperados: 2
2026-04-17T15:59:43.437-05:00  INFO 74363 --- [cajica-stream] [http-nio-8081-exec-8] c.c.s.controllers.CursoRestController    : Curso encontrado - ID: 15, Nombre: Curso de Cocina
2026-04-17T15:59:43.437-05:00  INFO 74363 --- [cajica-stream] [http-nio-8081-exec-8] c.c.s.controllers.CursoRestController    : Curso encontrado - ID: 20, Nombre: curso prueba
